[2026-03-24 15:18:48] [INFO] Iniciando monitoramento contínuo de rede
[2026-03-24 15:18:48] [INFO] Iniciando monitoramento contínuo de rede
[2026-03-24 15:18:48] [INFO] Intervalo de verificação: 30 segundos
[2026-03-24 15:18:48] [INFO] Intervalo de verificação: 30 segundos
[2026-03-24 15:18:48] [INFO] Executando verificação de rede...
[2026-03-24 15:18:48] [INFO] Executando verificação de rede...
[2026-03-24 15:18:50] [INFO] Aguardando 30 segundos...
[2026-03-24 15:18:50] [INFO] Aguardando 30 segundos...
[2026-03-24 15:19:22] [INFO] Executando verificação de rede...
[2026-03-24 15:19:22] [INFO] Executando verificação de rede...
[2026-03-24 15:19:24] [INFO] Aguardando 30 segundos...
[2026-03-24 15:19:24] [INFO] Aguardando 30 segundos...
[2026-03-24 15:19:35] [INFO] Recebido sinal 2, encerrando monitoramento...
[2026-03-24 15:19:35] [INFO] Recebido sinal 2, encerrando monitoramento...
[2026-03-24 15:19:41] [INFO] Recebido sinal 2, encerrando monitoramento...
[2026-03-24 15:19:41] [INFO] Recebido sinal 2, encerrando monitoramento...
[2026-03-24 15:19:56] [INFO] Monitoramento encerrado
[2026-03-24 15:19:56] [INFO] Monitoramento encerrado
[2026-03-24 15:27:58] [INFO] Iniciando monitoramento contínuo de rede
[2026-03-24 15:27:58] [INFO] Iniciando monitoramento contínuo de rede
[2026-03-24 15:27:58] [INFO] Intervalo de verificação: 30 segundos
[2026-03-24 15:27:58] [INFO] Intervalo de verificação: 30 segundos
[2026-03-24 15:27:58] [INFO] Executando verificação de rede...
[2026-03-24 15:27:58] [INFO] Executando verificação de rede...
[2026-03-24 15:28:02] [INFO] Aguardando 30 segundos...
[2026-03-24 15:28:02] [INFO] Aguardando 30 segundos...
[2026-03-24 15:28:33] [INFO] Executando verificação de rede...
[2026-03-24 15:28:33] [INFO] Executando verificação de rede...
[2026-03-24 15:28:35] [INFO] Aguardando 30 segundos...
[2026-03-24 15:28:35] [INFO] Aguardando 30 segundos...
[2026-03-24 15:29:07] [INFO] Executando verificação de rede...
[2026-03-24 15:29:07] [INFO] Executando verificação de rede...
[2026-03-24 15:29:09] [INFO] Aguardando 30 segundos...
[2026-03-24 15:29:09] [INFO] Aguardando 30 segundos...
[2026-03-24 15:29:11] [INFO] Recebido sinal 2, encerrando monitoramento...
[2026-03-24 15:29:11] [INFO] Recebido sinal 2, encerrando monitoramento...
